<?xml version="1.0" encoding="UTF-8"?>
<testng-results ignored="0" total="4" passed="4" failed="0" skipped="0">
  <reporter-output>
  </reporter-output>
  <suite started-at="2024-10-28T13:45:31 GST" name="All Test Suite" finished-at="2024-10-28T13:49:50 GST" duration-ms="259120">
    <groups>
    </groups>
    <test started-at="2024-10-28T13:45:31 GST" name="C:/Users/batef/IdeaProjects/ifram" finished-at="2024-10-28T13:49:50 GST" duration-ms="259120">
      <class name="com.freecrm.testcases.ContactPageTest">
        <test-method is-config="true" signature="BeforeTest(java.lang.String,java.lang.reflect.Method)[pri:0, instance:com.freecrm.testcases.ContactPageTest@2118cddf]" started-at="2024-10-28T13:45:32 GST" name="BeforeTest" finished-at="2024-10-28T13:46:03 GST" duration-ms="30184" status="PASS">
          <params>
            <param index="0">
              <value>
                <![CDATA[chrome]]>
              </value>
            </param>
            <param index="1">
              <value>
                <![CDATA[public void com.freecrm.testcases.ContactPageTest.addContact(java.lang.String,java.lang.String,java.lang.String) throws java.lang.InterruptedException]]>
              </value>
            </param>
          </params>
          <reporter-output>
          </reporter-output>
        </test-method> <!-- BeforeTest -->
        <test-method signature="addContact(java.lang.String,java.lang.String,java.lang.String)[pri:0, instance:com.freecrm.testcases.ContactPageTest@2118cddf]" started-at="2024-10-28T13:46:03 GST" name="addContact" data-provider="testData" finished-at="2024-10-28T13:46:19 GST" duration-ms="16517" status="PASS">
          <params>
            <param index="0">
              <value>
                <![CDATA[First name]]>
              </value>
            </param>
            <param index="1">
              <value>
                <![CDATA[Last name]]>
              </value>
            </param>
            <param index="2">
              <value>
                <![CDATA[Department]]>
              </value>
            </param>
          </params>
          <reporter-output>
          </reporter-output>
        </test-method> <!-- addContact -->
        <test-method is-config="true" signature="AfterTest(java.lang.reflect.Method)[pri:0, instance:com.freecrm.testcases.ContactPageTest@2118cddf]" started-at="2024-10-28T13:46:19 GST" name="AfterTest" finished-at="2024-10-28T13:46:22 GST" duration-ms="2998" status="PASS">
          <params>
            <param index="0">
              <value>
                <![CDATA[public void com.freecrm.testcases.ContactPageTest.addContact(java.lang.String,java.lang.String,java.lang.String) throws java.lang.InterruptedException]]>
              </value>
            </param>
          </params>
          <reporter-output>
          </reporter-output>
        </test-method> <!-- AfterTest -->
        <test-method is-config="true" signature="BeforeTest(java.lang.String,java.lang.reflect.Method)[pri:0, instance:com.freecrm.testcases.ContactPageTest@2118cddf]" started-at="2024-10-28T13:46:22 GST" name="BeforeTest" finished-at="2024-10-28T13:46:53 GST" duration-ms="30595" status="PASS">
          <params>
            <param index="0">
              <value>
                <![CDATA[chrome]]>
              </value>
            </param>
            <param index="1">
              <value>
                <![CDATA[public void com.freecrm.testcases.ContactPageTest.addContact(java.lang.String,java.lang.String,java.lang.String) throws java.lang.InterruptedException]]>
              </value>
            </param>
          </params>
          <reporter-output>
          </reporter-output>
        </test-method> <!-- BeforeTest -->
        <test-method signature="addContact(java.lang.String,java.lang.String,java.lang.String)[pri:0, instance:com.freecrm.testcases.ContactPageTest@2118cddf]" started-at="2024-10-28T13:46:53 GST" name="addContact" data-provider="testData" finished-at="2024-10-28T13:47:08 GST" duration-ms="15708" status="PASS">
          <params>
            <param index="0">
              <value>
                <![CDATA[hatem]]>
              </value>
            </param>
            <param index="1">
              <value>
                <![CDATA[sayed]]>
              </value>
            </param>
            <param index="2">
              <value>
                <![CDATA[QA]]>
              </value>
            </param>
          </params>
          <reporter-output>
          </reporter-output>
        </test-method> <!-- addContact -->
        <test-method is-config="true" signature="AfterTest(java.lang.reflect.Method)[pri:0, instance:com.freecrm.testcases.ContactPageTest@2118cddf]" started-at="2024-10-28T13:47:08 GST" name="AfterTest" finished-at="2024-10-28T13:47:11 GST" duration-ms="2733" status="PASS">
          <params>
            <param index="0">
              <value>
                <![CDATA[public void com.freecrm.testcases.ContactPageTest.addContact(java.lang.String,java.lang.String,java.lang.String) throws java.lang.InterruptedException]]>
              </value>
            </param>
          </params>
          <reporter-output>
          </reporter-output>
        </test-method> <!-- AfterTest -->
        <test-method is-config="true" signature="BeforeTest(java.lang.String,java.lang.reflect.Method)[pri:0, instance:com.freecrm.testcases.ContactPageTest@2118cddf]" started-at="2024-10-28T13:47:11 GST" name="BeforeTest" finished-at="2024-10-28T13:48:11 GST" duration-ms="59522" status="PASS">
          <params>
            <param index="0">
              <value>
                <![CDATA[chrome]]>
              </value>
            </param>
            <param index="1">
              <value>
                <![CDATA[public void com.freecrm.testcases.ContactPageTest.addContact(java.lang.String,java.lang.String,java.lang.String) throws java.lang.InterruptedException]]>
              </value>
            </param>
          </params>
          <reporter-output>
          </reporter-output>
        </test-method> <!-- BeforeTest -->
        <test-method signature="addContact(java.lang.String,java.lang.String,java.lang.String)[pri:0, instance:com.freecrm.testcases.ContactPageTest@2118cddf]" started-at="2024-10-28T13:48:11 GST" name="addContact" data-provider="testData" finished-at="2024-10-28T13:48:26 GST" duration-ms="15757" status="PASS">
          <params>
            <param index="0">
              <value>
                <![CDATA[nader]]>
              </value>
            </param>
            <param index="1">
              <value>
                <![CDATA[ali]]>
              </value>
            </param>
            <param index="2">
              <value>
                <![CDATA[senior]]>
              </value>
            </param>
          </params>
          <reporter-output>
          </reporter-output>
        </test-method> <!-- addContact -->
        <test-method is-config="true" signature="AfterTest(java.lang.reflect.Method)[pri:0, instance:com.freecrm.testcases.ContactPageTest@2118cddf]" started-at="2024-10-28T13:48:26 GST" name="AfterTest" finished-at="2024-10-28T13:48:29 GST" duration-ms="2838" status="PASS">
          <params>
            <param index="0">
              <value>
                <![CDATA[public void com.freecrm.testcases.ContactPageTest.addContact(java.lang.String,java.lang.String,java.lang.String) throws java.lang.InterruptedException]]>
              </value>
            </param>
          </params>
          <reporter-output>
          </reporter-output>
        </test-method> <!-- AfterTest -->
        <test-method is-config="true" signature="BeforeTest(java.lang.String,java.lang.reflect.Method)[pri:0, instance:com.freecrm.testcases.ContactPageTest@2118cddf]" started-at="2024-10-28T13:48:29 GST" name="BeforeTest" finished-at="2024-10-28T13:49:31 GST" duration-ms="61728" status="PASS">
          <params>
            <param index="0">
              <value>
                <![CDATA[chrome]]>
              </value>
            </param>
            <param index="1">
              <value>
                <![CDATA[public void com.freecrm.testcases.ContactPageTest.addContact(java.lang.String,java.lang.String,java.lang.String) throws java.lang.InterruptedException]]>
              </value>
            </param>
          </params>
          <reporter-output>
          </reporter-output>
        </test-method> <!-- BeforeTest -->
        <test-method signature="addContact(java.lang.String,java.lang.String,java.lang.String)[pri:0, instance:com.freecrm.testcases.ContactPageTest@2118cddf]" started-at="2024-10-28T13:49:31 GST" name="addContact" data-provider="testData" finished-at="2024-10-28T13:49:47 GST" duration-ms="16104" status="PASS">
          <params>
            <param index="0">
              <value>
                <![CDATA[sarah]]>
              </value>
            </param>
            <param index="1">
              <value>
                <![CDATA[mohamed]]>
              </value>
            </param>
            <param index="2">
              <value>
                <![CDATA[leader]]>
              </value>
            </param>
          </params>
          <reporter-output>
          </reporter-output>
        </test-method> <!-- addContact -->
        <test-method is-config="true" signature="AfterTest(java.lang.reflect.Method)[pri:0, instance:com.freecrm.testcases.ContactPageTest@2118cddf]" started-at="2024-10-28T13:49:47 GST" name="AfterTest" finished-at="2024-10-28T13:49:50 GST" duration-ms="2834" status="PASS">
          <params>
            <param index="0">
              <value>
                <![CDATA[public void com.freecrm.testcases.ContactPageTest.addContact(java.lang.String,java.lang.String,java.lang.String) throws java.lang.InterruptedException]]>
              </value>
            </param>
          </params>
          <reporter-output>
          </reporter-output>
        </test-method> <!-- AfterTest -->
      </class> <!-- com.freecrm.testcases.ContactPageTest -->
    </test> <!-- C:/Users/batef/IdeaProjects/ifram -->
  </suite> <!-- All Test Suite -->
</testng-results>
